[debug] [2021-08-17T07:01:25.293Z] ----------------------------------------------------------------------
[debug] [2021-08-17T07:01:25.298Z] Command:       C:\Program Files\nodejs\node.exe C:\Users\ok\AppData\Roaming\npm\node_modules\firebase-tools\lib\bin\firebase.js init --debug
[debug] [2021-08-17T07:01:25.299Z] CLI Version:   9.16.5
[debug] [2021-08-17T07:01:25.299Z] Platform:      win32
[debug] [2021-08-17T07:01:25.299Z] Node Version:  v14.17.4
[debug] [2021-08-17T07:01:25.303Z] Time:          Tue Aug 17 2021 12:31:25 GMT+0530 (India Standard Time)
[debug] [2021-08-17T07:01:25.303Z] ----------------------------------------------------------------------
[debug] 
[debug] [2021-08-17T07:01:25.325Z] > command requires scopes: ["email","openid","https://www.googleapis.com/auth/cloudplatformprojects.readonly","https://www.googleapis.com/auth/firebase","https://www.googleapis.com/auth/cloud-platform"]
[debug] [2021-08-17T07:01:25.329Z] > authorizing via signed-in user (suyog732002@gmail.com)
[info] 
     ######## #### ########  ######## ########     ###     ######  ########
     ##        ##  ##     ## ##       ##     ##  ##   ##  ##       ##
     ######    ##  ########  ######   ########  #########  ######  ######
     ##        ##  ##    ##  ##       ##     ## ##     ##       ## ##
     ##       #### ##     ## ######## ########  ##     ##  ######  ########

You're about to initialize a Firebase project in this directory:

  C:\Users\ok\Desktop\WhatsApp Web Clone\whatsapp-clone

[info] 
=== Project Setup
[info] 
[info] First, let's associate this project directory with a Firebase project.
[info] You can create multiple project aliases by running firebase use --add, 
[info] but for now we'll just set up a default project.
[info] 
[debug] [2021-08-17T07:01:42.259Z] >>> [apiv2][query] GET https://firebase.googleapis.com/v1beta1/projects pageSize=100
[debug] [2021-08-17T07:01:43.485Z] <<< [apiv2][status] GET https://firebase.googleapis.com/v1beta1/projects 200
[debug] [2021-08-17T07:01:43.486Z] <<< [apiv2][body] GET https://firebase.googleapis.com/v1beta1/projects [omitted]
[info] i  Using project whatsapp-web-687a2 (WhatsApp Web) 
[info] 
=== Hosting Setup
[info] 
[info] Your public directory is the folder (relative to your project directory) that
[info] will contain Hosting assets to be uploaded with firebase deploy. If you
[info] have a build process for your assets, use your build's output directory.
[info] 
[debug] [2021-08-17T07:02:14.140Z] >>> [apiv2][query] GET https://www.gstatic.com/firebasejs/releases.json [none]
[debug] [2021-08-17T07:02:15.447Z] FetchError: request to https://www.gstatic.com/firebasejs/releases.json failed, reason: unable to get local issuer certificate
    at ClientRequest.<anonymous> (C:\Users\ok\AppData\Roaming\npm\node_modules\firebase-tools\node_modules\node-fetch\lib\index.js:1461:11)
    at ClientRequest.emit (events.js:400:28)
    at ClientRequest.emit (domain.js:470:12)
    at TLSSocket.socketErrorListener (_http_client.js:475:9)
    at TLSSocket.emit (events.js:400:28)
    at TLSSocket.emit (domain.js:470:12)
    at emitErrorNT (internal/streams/destroy.js:106:8)
    at emitErrorCloseNT (internal/streams/destroy.js:74:3)
    at processTicksAndRejections (internal/process/task_queues.js:82:21)
[error] 
[error] Error: Failed to make request to https://www.gstatic.com/firebasejs/releases.json
